info: ::1 - - [29/Sep/2020:18:08:41 +0000] "GET / HTTP/1.1" 304 - "-" "Mozilla/5.0 (Windows NT 10.0; Win64; x64) AppleWebKit/537.36 (KHTML, like Gecko) Chrome/85.0.4183.121 Safari/537.36"
info: ::1 - - [29/Sep/2020:18:08:41 +0000] "GET /stylesheets/style.css HTTP/1.1" 304 - "http://localhost:5000/" "Mozilla/5.0 (Windows NT 10.0; Win64; x64) AppleWebKit/537.36 (KHTML, like Gecko) Chrome/85.0.4183.121 Safari/537.36"
info: ::1 - - [29/Sep/2020:18:13:41 +0000] "GET / HTTP/1.1" 304 - "-" "Mozilla/5.0 (Windows NT 10.0; Win64; x64) AppleWebKit/537.36 (KHTML, like Gecko) Chrome/85.0.4183.121 Safari/537.36"
info: ::1 - - [29/Sep/2020:18:13:41 +0000] "GET /stylesheets/style.css HTTP/1.1" 304 - "http://localhost:5000/" "Mozilla/5.0 (Windows NT 10.0; Win64; x64) AppleWebKit/537.36 (KHTML, like Gecko) Chrome/85.0.4183.121 Safari/537.36"
info: ::1 - - [29/Sep/2020:18:13:42 +0000] "GET / HTTP/1.1" 304 - "-" "Mozilla/5.0 (Windows NT 10.0; Win64; x64) AppleWebKit/537.36 (KHTML, like Gecko) Chrome/85.0.4183.121 Safari/537.36"
info: ::1 - - [29/Sep/2020:18:13:42 +0000] "GET /stylesheets/style.css HTTP/1.1" 304 - "http://localhost:5000/" "Mozilla/5.0 (Windows NT 10.0; Win64; x64) AppleWebKit/537.36 (KHTML, like Gecko) Chrome/85.0.4183.121 Safari/537.36"
info: ::1 - - [29/Sep/2020:18:13:42 +0000] "GET / HTTP/1.1" 304 - "-" "Mozilla/5.0 (Windows NT 10.0; Win64; x64) AppleWebKit/537.36 (KHTML, like Gecko) Chrome/85.0.4183.121 Safari/537.36"
info: ::1 - - [29/Sep/2020:18:13:42 +0000] "GET /stylesheets/style.css HTTP/1.1" 304 - "http://localhost:5000/" "Mozilla/5.0 (Windows NT 10.0; Win64; x64) AppleWebKit/537.36 (KHTML, like Gecko) Chrome/85.0.4183.121 Safari/537.36"
info: ::1 - - [29/Sep/2020:18:13:43 +0000] "GET / HTTP/1.1" 304 - "-" "Mozilla/5.0 (Windows NT 10.0; Win64; x64) AppleWebKit/537.36 (KHTML, like Gecko) Chrome/85.0.4183.121 Safari/537.36"
info: ::1 - - [29/Sep/2020:18:13:43 +0000] "GET /stylesheets/style.css HTTP/1.1" 304 - "http://localhost:5000/" "Mozilla/5.0 (Windows NT 10.0; Win64; x64) AppleWebKit/537.36 (KHTML, like Gecko) Chrome/85.0.4183.121 Safari/537.36"
info: ::1 - - [29/Sep/2020:18:13:43 +0000] "GET / HTTP/1.1" 304 - "-" "Mozilla/5.0 (Windows NT 10.0; Win64; x64) AppleWebKit/537.36 (KHTML, like Gecko) Chrome/85.0.4183.121 Safari/537.36"
info: ::1 - - [29/Sep/2020:18:13:43 +0000] "GET /stylesheets/style.css HTTP/1.1" 304 - "http://localhost:5000/" "Mozilla/5.0 (Windows NT 10.0; Win64; x64) AppleWebKit/537.36 (KHTML, like Gecko) Chrome/85.0.4183.121 Safari/537.36"
info: ::1 - - [29/Sep/2020:18:13:43 +0000] "GET / HTTP/1.1" 304 - "-" "Mozilla/5.0 (Windows NT 10.0; Win64; x64) AppleWebKit/537.36 (KHTML, like Gecko) Chrome/85.0.4183.121 Safari/537.36"
info: ::1 - - [29/Sep/2020:18:13:43 +0000] "GET /stylesheets/style.css HTTP/1.1" 304 - "http://localhost:5000/" "Mozilla/5.0 (Windows NT 10.0; Win64; x64) AppleWebKit/537.36 (KHTML, like Gecko) Chrome/85.0.4183.121 Safari/537.36"
info: ::1 - - [29/Sep/2020:18:13:43 +0000] "GET / HTTP/1.1" 304 - "-" "Mozilla/5.0 (Windows NT 10.0; Win64; x64) AppleWebKit/537.36 (KHTML, like Gecko) Chrome/85.0.4183.121 Safari/537.36"
info: ::1 - - [29/Sep/2020:18:13:43 +0000] "GET /stylesheets/style.css HTTP/1.1" 304 - "http://localhost:5000/" "Mozilla/5.0 (Windows NT 10.0; Win64; x64) AppleWebKit/537.36 (KHTML, like Gecko) Chrome/85.0.4183.121 Safari/537.36"
info: ::1 - - [29/Sep/2020:18:13:44 +0000] "GET / HTTP/1.1" 304 - "-" "Mozilla/5.0 (Windows NT 10.0; Win64; x64) AppleWebKit/537.36 (KHTML, like Gecko) Chrome/85.0.4183.121 Safari/537.36"
info: ::1 - - [29/Sep/2020:18:13:44 +0000] "GET /stylesheets/style.css HTTP/1.1" 304 - "http://localhost:5000/" "Mozilla/5.0 (Windows NT 10.0; Win64; x64) AppleWebKit/537.36 (KHTML, like Gecko) Chrome/85.0.4183.121 Safari/537.36"
info: ::1 - - [29/Sep/2020:18:13:44 +0000] "GET / HTTP/1.1" 304 - "-" "Mozilla/5.0 (Windows NT 10.0; Win64; x64) AppleWebKit/537.36 (KHTML, like Gecko) Chrome/85.0.4183.121 Safari/537.36"
info: ::1 - - [29/Sep/2020:18:13:44 +0000] "GET /stylesheets/style.css HTTP/1.1" 304 - "http://localhost:5000/" "Mozilla/5.0 (Windows NT 10.0; Win64; x64) AppleWebKit/537.36 (KHTML, like Gecko) Chrome/85.0.4183.121 Safari/537.36"
info: ::1 - - [29/Sep/2020:18:14:24 +0000] "GET / HTTP/1.1" 304 - "-" "Mozilla/5.0 (Windows NT 10.0; Win64; x64) AppleWebKit/537.36 (KHTML, like Gecko) Chrome/85.0.4183.121 Safari/537.36"
info: ::1 - - [29/Sep/2020:18:14:24 +0000] "GET /stylesheets/style.css HTTP/1.1" 304 - "http://localhost:5000/" "Mozilla/5.0 (Windows NT 10.0; Win64; x64) AppleWebKit/537.36 (KHTML, like Gecko) Chrome/85.0.4183.121 Safari/537.36"
error: uncaughtException: Cannot find module 'dotenv/config'
Require stack:
- D:\laragon\www\work\rehub\moodle\admin\tool\log\store\zlogger\zwinston\bin\www
Error: Cannot find module 'dotenv/config'
Require stack:
- D:\laragon\www\work\rehub\moodle\admin\tool\log\store\zlogger\zwinston\bin\www
    at Function.Module._resolveFilename (internal/modules/cjs/loader.js:965:15)
    at Function.Module._load (internal/modules/cjs/loader.js:841:27)
    at Module.require (internal/modules/cjs/loader.js:1025:19)
    at require (internal/modules/cjs/helpers.js:72:18)
    at Object.<anonymous> (D:\laragon\www\work\rehub\moodle\admin\tool\log\store\zlogger\zwinston\bin\www:10:14)
    at Module._compile (internal/modules/cjs/loader.js:1137:30)
    at Object.Module._extensions..js (internal/modules/cjs/loader.js:1157:10)
    at Module.load (internal/modules/cjs/loader.js:985:32)
    at Function.Module._load (internal/modules/cjs/loader.js:878:14)
    at Function.executeUserEntryPoint [as runMain] (internal/modules/run_main.js:71:12) {"error":{"code":"MODULE_NOT_FOUND","requireStack":["D:\\laragon\\www\\work\\rehub\\moodle\\admin\\tool\\log\\store\\zlogger\\zwinston\\bin\\www"]},"stack":"Error: Cannot find module 'dotenv/config'\nRequire stack:\n- D:\\laragon\\www\\work\\rehub\\moodle\\admin\\tool\\log\\store\\zlogger\\zwinston\\bin\\www\n    at Function.Module._resolveFilename (internal/modules/cjs/loader.js:965:15)\n    at Function.Module._load (internal/modules/cjs/loader.js:841:27)\n    at Module.require (internal/modules/cjs/loader.js:1025:19)\n    at require (internal/modules/cjs/helpers.js:72:18)\n    at Object.<anonymous> (D:\\laragon\\www\\work\\rehub\\moodle\\admin\\tool\\log\\store\\zlogger\\zwinston\\bin\\www:10:14)\n    at Module._compile (internal/modules/cjs/loader.js:1137:30)\n    at Object.Module._extensions..js (internal/modules/cjs/loader.js:1157:10)\n    at Module.load (internal/modules/cjs/loader.js:985:32)\n    at Function.Module._load (internal/modules/cjs/loader.js:878:14)\n    at Function.executeUserEntryPoint [as runMain] (internal/modules/run_main.js:71:12)","exception":true,"date":"Tue Sep 29 2020 11:14:29 GMT-0700 (Pacific Daylight Time)","process":{"pid":12384,"uid":null,"gid":null,"cwd":"D:\\laragon\\www\\work\\rehub\\moodle\\admin\\tool\\log\\store\\zlogger\\zwinston","execPath":"C:\\Program Files\\nodejs\\node.exe","version":"v12.18.3","argv":["C:\\Program Files\\nodejs\\node.exe","D:\\laragon\\www\\work\\rehub\\moodle\\admin\\tool\\log\\store\\zlogger\\zwinston\\bin\\www"],"memoryUsage":{"rss":36241408,"heapTotal":17022976,"heapUsed":8808808,"external":1325824,"arrayBuffers":73474}},"os":{"loadavg":[0,0,0],"uptime":480854},"trace":[{"column":15,"file":"internal/modules/cjs/loader.js","function":"Module._resolveFilename","line":965,"method":"_resolveFilename","native":false},{"column":27,"file":"internal/modules/cjs/loader.js","function":"Module._load","line":841,"method":"_load","native":false},{"column":19,"file":"internal/modules/cjs/loader.js","function":"Module.require","line":1025,"method":"require","native":false},{"column":18,"file":"internal/modules/cjs/helpers.js","function":"require","line":72,"method":null,"native":false},{"column":14,"file":"D:\\laragon\\www\\work\\rehub\\moodle\\admin\\tool\\log\\store\\zlogger\\zwinston\\bin\\www","function":null,"line":10,"method":null,"native":false},{"column":30,"file":"internal/modules/cjs/loader.js","function":"Module._compile","line":1137,"method":"_compile","native":false},{"column":10,"file":"internal/modules/cjs/loader.js","function":"Module._extensions..js","line":1157,"method":".js","native":false},{"column":32,"file":"internal/modules/cjs/loader.js","function":"Module.load","line":985,"method":"load","native":false},{"column":14,"file":"internal/modules/cjs/loader.js","function":"Module._load","line":878,"method":"_load","native":false},{"column":12,"file":"internal/modules/run_main.js","function":"Function.executeUserEntryPoint [as runMain]","line":71,"method":"executeUserEntryPoint [as runMain]","native":false}]}
error: uncaughtException: Cannot find module 'dotenv/config'
Require stack:
- D:\laragon\www\work\rehub\moodle\admin\tool\log\store\zlogger\zwinston\bin\www
Error: Cannot find module 'dotenv/config'
Require stack:
- D:\laragon\www\work\rehub\moodle\admin\tool\log\store\zlogger\zwinston\bin\www
    at Function.Module._resolveFilename (internal/modules/cjs/loader.js:965:15)
    at Function.Module._load (internal/modules/cjs/loader.js:841:27)
    at Module.require (internal/modules/cjs/loader.js:1025:19)
    at require (internal/modules/cjs/helpers.js:72:18)
    at Object.<anonymous> (D:\laragon\www\work\rehub\moodle\admin\tool\log\store\zlogger\zwinston\bin\www:10:14)
    at Module._compile (internal/modules/cjs/loader.js:1137:30)
    at Object.Module._extensions..js (internal/modules/cjs/loader.js:1157:10)
    at Module.load (internal/modules/cjs/loader.js:985:32)
    at Function.Module._load (internal/modules/cjs/loader.js:878:14)
    at Function.executeUserEntryPoint [as runMain] (internal/modules/run_main.js:71:12) {"error":{"code":"MODULE_NOT_FOUND","requireStack":["D:\\laragon\\www\\work\\rehub\\moodle\\admin\\tool\\log\\store\\zlogger\\zwinston\\bin\\www"]},"stack":"Error: Cannot find module 'dotenv/config'\nRequire stack:\n- D:\\laragon\\www\\work\\rehub\\moodle\\admin\\tool\\log\\store\\zlogger\\zwinston\\bin\\www\n    at Function.Module._resolveFilename (internal/modules/cjs/loader.js:965:15)\n    at Function.Module._load (internal/modules/cjs/loader.js:841:27)\n    at Module.require (internal/modules/cjs/loader.js:1025:19)\n    at require (internal/modules/cjs/helpers.js:72:18)\n    at Object.<anonymous> (D:\\laragon\\www\\work\\rehub\\moodle\\admin\\tool\\log\\store\\zlogger\\zwinston\\bin\\www:10:14)\n    at Module._compile (internal/modules/cjs/loader.js:1137:30)\n    at Object.Module._extensions..js (internal/modules/cjs/loader.js:1157:10)\n    at Module.load (internal/modules/cjs/loader.js:985:32)\n    at Function.Module._load (internal/modules/cjs/loader.js:878:14)\n    at Function.executeUserEntryPoint [as runMain] (internal/modules/run_main.js:71:12)","exception":true,"date":"Tue Sep 29 2020 11:14:42 GMT-0700 (Pacific Daylight Time)","process":{"pid":5232,"uid":null,"gid":null,"cwd":"D:\\laragon\\www\\work\\rehub\\moodle\\admin\\tool\\log\\store\\zlogger\\zwinston","execPath":"C:\\Program Files\\nodejs\\node.exe","version":"v12.18.3","argv":["C:\\Program Files\\nodejs\\node.exe","D:\\laragon\\www\\work\\rehub\\moodle\\admin\\tool\\log\\store\\zlogger\\zwinston\\bin\\www"],"memoryUsage":{"rss":36700160,"heapTotal":17022976,"heapUsed":8847320,"external":1325824,"arrayBuffers":73474}},"os":{"loadavg":[0,0,0],"uptime":480867},"trace":[{"column":15,"file":"internal/modules/cjs/loader.js","function":"Module._resolveFilename","line":965,"method":"_resolveFilename","native":false},{"column":27,"file":"internal/modules/cjs/loader.js","function":"Module._load","line":841,"method":"_load","native":false},{"column":19,"file":"internal/modules/cjs/loader.js","function":"Module.require","line":1025,"method":"require","native":false},{"column":18,"file":"internal/modules/cjs/helpers.js","function":"require","line":72,"method":null,"native":false},{"column":14,"file":"D:\\laragon\\www\\work\\rehub\\moodle\\admin\\tool\\log\\store\\zlogger\\zwinston\\bin\\www","function":null,"line":10,"method":null,"native":false},{"column":30,"file":"internal/modules/cjs/loader.js","function":"Module._compile","line":1137,"method":"_compile","native":false},{"column":10,"file":"internal/modules/cjs/loader.js","function":"Module._extensions..js","line":1157,"method":".js","native":false},{"column":32,"file":"internal/modules/cjs/loader.js","function":"Module.load","line":985,"method":"load","native":false},{"column":14,"file":"internal/modules/cjs/loader.js","function":"Module._load","line":878,"method":"_load","native":false},{"column":12,"file":"internal/modules/run_main.js","function":"Function.executeUserEntryPoint [as runMain]","line":71,"method":"executeUserEntryPoint [as runMain]","native":false}]}
error: uncaughtException: Cannot find module 'dotenv'
Require stack:
- D:\laragon\www\work\rehub\moodle\admin\tool\log\store\zlogger\zwinston\bin\www
Error: Cannot find module 'dotenv'
Require stack:
- D:\laragon\www\work\rehub\moodle\admin\tool\log\store\zlogger\zwinston\bin\www
    at Function.Module._resolveFilename (internal/modules/cjs/loader.js:965:15)
    at Function.Module._load (internal/modules/cjs/loader.js:841:27)
    at Module.require (internal/modules/cjs/loader.js:1025:19)
    at require (internal/modules/cjs/helpers.js:72:18)
    at Object.<anonymous> (D:\laragon\www\work\rehub\moodle\admin\tool\log\store\zlogger\zwinston\bin\www:10:14)
    at Module._compile (internal/modules/cjs/loader.js:1137:30)
    at Object.Module._extensions..js (internal/modules/cjs/loader.js:1157:10)
    at Module.load (internal/modules/cjs/loader.js:985:32)
    at Function.Module._load (internal/modules/cjs/loader.js:878:14)
    at Function.executeUserEntryPoint [as runMain] (internal/modules/run_main.js:71:12) {"error":{"code":"MODULE_NOT_FOUND","requireStack":["D:\\laragon\\www\\work\\rehub\\moodle\\admin\\tool\\log\\store\\zlogger\\zwinston\\bin\\www"]},"stack":"Error: Cannot find module 'dotenv'\nRequire stack:\n- D:\\laragon\\www\\work\\rehub\\moodle\\admin\\tool\\log\\store\\zlogger\\zwinston\\bin\\www\n    at Function.Module._resolveFilename (internal/modules/cjs/loader.js:965:15)\n    at Function.Module._load (internal/modules/cjs/loader.js:841:27)\n    at Module.require (internal/modules/cjs/loader.js:1025:19)\n    at require (internal/modules/cjs/helpers.js:72:18)\n    at Object.<anonymous> (D:\\laragon\\www\\work\\rehub\\moodle\\admin\\tool\\log\\store\\zlogger\\zwinston\\bin\\www:10:14)\n    at Module._compile (internal/modules/cjs/loader.js:1137:30)\n    at Object.Module._extensions..js (internal/modules/cjs/loader.js:1157:10)\n    at Module.load (internal/modules/cjs/loader.js:985:32)\n    at Function.Module._load (internal/modules/cjs/loader.js:878:14)\n    at Function.executeUserEntryPoint [as runMain] (internal/modules/run_main.js:71:12)","exception":true,"date":"Tue Sep 29 2020 11:15:00 GMT-0700 (Pacific Daylight Time)","process":{"pid":11720,"uid":null,"gid":null,"cwd":"D:\\laragon\\www\\work\\rehub\\moodle\\admin\\tool\\log\\store\\zlogger\\zwinston","execPath":"C:\\Program Files\\nodejs\\node.exe","version":"v12.18.3","argv":["C:\\Program Files\\nodejs\\node.exe","D:\\laragon\\www\\work\\rehub\\moodle\\admin\\tool\\log\\store\\zlogger\\zwinston\\bin\\www"],"memoryUsage":{"rss":36192256,"heapTotal":17022976,"heapUsed":8809408,"external":1325824,"arrayBuffers":73474}},"os":{"loadavg":[0,0,0],"uptime":480885},"trace":[{"column":15,"file":"internal/modules/cjs/loader.js","function":"Module._resolveFilename","line":965,"method":"_resolveFilename","native":false},{"column":27,"file":"internal/modules/cjs/loader.js","function":"Module._load","line":841,"method":"_load","native":false},{"column":19,"file":"internal/modules/cjs/loader.js","function":"Module.require","line":1025,"method":"require","native":false},{"column":18,"file":"internal/modules/cjs/helpers.js","function":"require","line":72,"method":null,"native":false},{"column":14,"file":"D:\\laragon\\www\\work\\rehub\\moodle\\admin\\tool\\log\\store\\zlogger\\zwinston\\bin\\www","function":null,"line":10,"method":null,"native":false},{"column":30,"file":"internal/modules/cjs/loader.js","function":"Module._compile","line":1137,"method":"_compile","native":false},{"column":10,"file":"internal/modules/cjs/loader.js","function":"Module._extensions..js","line":1157,"method":".js","native":false},{"column":32,"file":"internal/modules/cjs/loader.js","function":"Module.load","line":985,"method":"load","native":false},{"column":14,"file":"internal/modules/cjs/loader.js","function":"Module._load","line":878,"method":"_load","native":false},{"column":12,"file":"internal/modules/run_main.js","function":"Function.executeUserEntryPoint [as runMain]","line":71,"method":"executeUserEntryPoint [as runMain]","native":false}]}
info: ::1 - - [29/Sep/2020:18:15:15 +0000] "GET / HTTP/1.1" 304 - "-" "Mozilla/5.0 (Windows NT 10.0; Win64; x64) AppleWebKit/537.36 (KHTML, like Gecko) Chrome/85.0.4183.121 Safari/537.36"
info: ::1 - - [29/Sep/2020:18:15:15 +0000] "GET /stylesheets/style.css HTTP/1.1" 304 - "http://localhost:5000/" "Mozilla/5.0 (Windows NT 10.0; Win64; x64) AppleWebKit/537.36 (KHTML, like Gecko) Chrome/85.0.4183.121 Safari/537.36"
info: ::1 - - [29/Sep/2020:18:16:11 +0000] "GET / HTTP/1.1" 304 - "-" "Mozilla/5.0 (Windows NT 10.0; Win64; x64) AppleWebKit/537.36 (KHTML, like Gecko) Chrome/85.0.4183.121 Safari/537.36"
info: ::1 - - [29/Sep/2020:18:16:11 +0000] "GET /stylesheets/style.css HTTP/1.1" 304 - "http://localhost:5000/" "Mozilla/5.0 (Windows NT 10.0; Win64; x64) AppleWebKit/537.36 (KHTML, like Gecko) Chrome/85.0.4183.121 Safari/537.36"
info: ::1 - - [29/Sep/2020:18:16:13 +0000] "GET / HTTP/1.1" 304 - "-" "Mozilla/5.0 (Windows NT 10.0; Win64; x64) AppleWebKit/537.36 (KHTML, like Gecko) Chrome/85.0.4183.121 Safari/537.36"
info: ::1 - - [29/Sep/2020:18:16:13 +0000] "GET /stylesheets/style.css HTTP/1.1" 304 - "http://localhost:5000/" "Mozilla/5.0 (Windows NT 10.0; Win64; x64) AppleWebKit/537.36 (KHTML, like Gecko) Chrome/85.0.4183.121 Safari/537.36"
info: ::1 - - [29/Sep/2020:18:16:19 +0000] "GET / HTTP/1.1" 200 170 "-" "Mozilla/5.0 (Windows NT 10.0; Win64; x64) AppleWebKit/537.36 (KHTML, like Gecko) Chrome/85.0.4183.121 Safari/537.36"
info: ::1 - - [29/Sep/2020:18:16:19 +0000] "GET /stylesheets/style.css HTTP/1.1" 304 - "http://localhost:5000/" "Mozilla/5.0 (Windows NT 10.0; Win64; x64) AppleWebKit/537.36 (KHTML, like Gecko) Chrome/85.0.4183.121 Safari/537.36"
